-------------------------------------------------------------------------------
Test set: com.galenframework.java.sample.tests.WelcomePageTest
-------------------------------------------------------------------------------
Tests run: 2, Failures: 2, Errors: 0, Skipped: 0, Time elapsed: 20.231 sec <<< FAILURE! - in com.galenframework.java.sample.tests.WelcomePageTest
welcomePage_shouldLookGood_onDevice(com.galenframework.java.sample.tests.WelcomePageTest)  Time elapsed: 5.224 sec  <<< FAILURE!
com.galenframework.support.LayoutValidationException: /specs/welcomePage.spec, tags: [tablet]
  - "header" is absent on page (\specs/common.spec:15)
  - "header" is absent on page (\specs/common.spec:16)
  - "header" is absent on page (\specs/common.spec:17)
  - "header-logo" is absent on page (\specs/common.spec:20)
  - "header-logo" is absent on page (\specs/common.spec:21)
  - "header-text" is absent on page (\specs/common.spec:24)
  - "header-text" is absent on page (\specs/common.spec:36)
  - "menu" is absent on page (\specs/common.spec:43)
  - "menu" is absent on page (\specs/common.spec:44)
  - Cannot find locator for "menu-item-1" in page spec (\specs/common.spec:54)
  - "content" is absent on page (\specs/common.spec:83)
  - "content" is absent on page (\specs/common.spec:84)
  - Cannot find locator for "text-block-1" in page spec (/specs/welcomePage.spec:14)
  - Cannot find locator for "text-block-1" in page spec (/specs/welcomePage.spec:21)
  - Cannot find locator for "text-block-1" in page spec (/specs/welcomePage.spec:22)
  - "login-button" is absent on page (/specs/welcomePage.spec:14)
  - "login-button" is absent on page (/specs/welcomePage.spec:25)
  - "login-button" is absent on page (/specs/welcomePage.spec:26)
  - "login-button" is absent on page (/specs/welcomePage.spec:27)
  - "login-button" is absent on page (/specs/welcomePage.spec:45)
  - Cannot find locator for "text-block-3" in page spec (/specs/welcomePage.spec:14)
  - "greeting" is absent on page (/specs/welcomePage.spec:17)
  - "greeting" is absent on page (/specs/welcomePage.spec:18)
  - "greeting" is absent on page (/specs/welcomePage.spec:41)
  - "greeting" is absent on page (/specs/welcomePage.spec:42)
  - "footer" is absent on page (\specs/common.spec:94)
  - "footer" is absent on page (\specs/common.spec:95)

	at com.galenframework.support.GalenJavaTestBase.checkLayout(GalenJavaTestBase.java:129)
	at com.galenframework.support.GalenJavaTestBase.checkLayout(GalenJavaTestBase.java:111)
	at com.galenframework.java.sample.tests.WelcomePageTest.welcomePage_shouldLookGood_onDevice(WelcomePageTest.java:16)

welcomePage_shouldLookGood_onDevice(com.galenframework.java.sample.tests.WelcomePageTest)  Time elapsed: 4.981 sec  <<< FAILURE!
com.galenframework.support.LayoutValidationException: /specs/welcomePage.spec, tags: [desktop]
  - "header" is absent on page (\specs/common.spec:15)
  - "header" is absent on page (\specs/common.spec:16)
  - "header" is absent on page (\specs/common.spec:17)
  - "header" is absent on page (\specs/common.spec:28)
  - "header-logo" is absent on page (\specs/common.spec:20)
  - "header-logo" is absent on page (\specs/common.spec:21)
  - "header-text" is absent on page (\specs/common.spec:24)
  - "header-text" is absent on page (\specs/common.spec:31)
  - "menu" is absent on page (\specs/common.spec:43)
  - "menu" is absent on page (\specs/common.spec:44)
  - "menu" is absent on page (\specs/common.spec:49)
  - Cannot find locator for "menu-item-1" in page spec (\specs/common.spec:54)
  - "content" is absent on page (\specs/common.spec:83)
  - "content" is absent on page (\specs/common.spec:84)
  - "content" is absent on page (\specs/common.spec:89)
  - Cannot find locator for "text-block-1" in page spec (/specs/welcomePage.spec:14)
  - Cannot find locator for "text-block-1" in page spec (/specs/welcomePage.spec:21)
  - Cannot find locator for "text-block-1" in page spec (/specs/welcomePage.spec:22)
  - "login-button" is absent on page (/specs/welcomePage.spec:14)
  - "login-button" is absent on page (/specs/welcomePage.spec:25)
  - "login-button" is absent on page (/specs/welcomePage.spec:26)
  - "login-button" is absent on page (/specs/welcomePage.spec:27)
  - "login-button" is absent on page (/specs/welcomePage.spec:36)
  - Cannot find locator for "text-block-3" in page spec (/specs/welcomePage.spec:14)
  - "greeting" is absent on page (/specs/welcomePage.spec:17)
  - "greeting" is absent on page (/specs/welcomePage.spec:18)
  - "greeting" is absent on page (/specs/welcomePage.spec:32)
  - "greeting" is absent on page (/specs/welcomePage.spec:33)
  - "footer" is absent on page (\specs/common.spec:94)
  - "footer" is absent on page (\specs/common.spec:95)

	at com.galenframework.support.GalenJavaTestBase.checkLayout(GalenJavaTestBase.java:129)
	at com.galenframework.support.GalenJavaTestBase.checkLayout(GalenJavaTestBase.java:111)
	at com.galenframework.java.sample.tests.WelcomePageTest.welcomePage_shouldLookGood_onDevice(WelcomePageTest.java:16)

