<?xml version="1.0" encoding="UTF-8"?>
<testsuite name="TestSuite" time="26.736" tests="2" errors="0" skipped="0" failures="2">
  <properties>
[...]
</properties>
  <testcase name="AIAHomePage_shouldLookGood_onDevice" classname="com.galenframework.java.sample.tests.AIAHomePageTest" time="23.083">
    <failure message="/specs/aiaCommon.spec, tags: [desktop]&#10;  - &quot;footer&quot; height is 321px which is not in range of 304 to 308px (/specs/aiaCommon.spec:39)&#10;" type="com.galenframework.support.LayoutValidationException">com.galenframework.support.LayoutValidationException: /specs/aiaCommon.spec, tags: [desktop]
  - "footer" height is 321px which is not in range of 304 to 308px (/specs/aiaCommon.spec:39)

	at com.galenframework.support.GalenJavaTestBase.checkLayout(GalenJavaTestBase.java:129)
	at com.galenframework.support.GalenJavaTestBase.checkLayout(GalenJavaTestBase.java:111)
	at com.galenframework.java.sample.tests.AIAHomePageTest.AIAHomePage_shouldLookGood_onDevice(AIAHomePageTest.java:24)
</failure>
    <system-out><![CDATA[Configuring TestNG with: TestNG652Configurator
]]></system-out>
    <system-err><![CDATA[Starting ChromeDriver 2.32.498550 (9dec58e66c31bcc53a9ce3c7226f0c1c5810906a) on port 25954
Only local connections are allowed.
]]></system-err>
  </testcase>
  <testcase name="welcomePage_shouldLookGood_onDevice" classname="com.galenframework.java.sample.tests.WelcomePageTest" time="3.653">
    <failure message="/specs/welcomePage.spec" type="java.io.FileNotFoundException">java.io.FileNotFoundException: /specs/welcomePage.spec
	at com.galenframework.speclang2.pagespec.PageSpecReader.read(PageSpecReader.java:43)
	at com.galenframework.api.Galen.checkLayout(Galen.java:68)
	at com.galenframework.api.Galen.checkLayout(Galen.java:59)
	at com.galenframework.api.Galen.checkLayout(Galen.java:52)
	at com.galenframework.api.Galen.checkLayout(Galen.java:141)
	at com.galenframework.support.GalenJavaTestBase.checkLayout(GalenJavaTestBase.java:125)
	at com.galenframework.support.GalenJavaTestBase.checkLayout(GalenJavaTestBase.java:111)
	at com.galenframework.java.sample.tests.WelcomePageTest.welcomePage_shouldLookGood_onDevice(WelcomePageTest.java:16)
</failure>
    <system-err><![CDATA[Sep 19, 2017 12:48:18 AM org.openqa.selenium.os.UnixProcess$SeleniumWatchDog destroyHarder
INFO: Command failed to close cleanly. Destroying forcefully (v2). org.openqa.selenium.os.UnixProcess$SeleniumWatchDog@bb9e6dc
Starting ChromeDriver 2.32.498550 (9dec58e66c31bcc53a9ce3c7226f0c1c5810906a) on port 34533
Only local connections are allowed.
]]></system-err>
  </testcase>
</testsuite>