<?xml version="1.0" encoding="UTF-8"?>
<testsuite name="com.galenframework.java.sample.tests.WelcomePageTest" time="10.205" tests="2" errors="0" skipped="0" failures="2">
  <properties>
[...]
</properties>
  <testcase name="welcomePage_shouldLookGood_onDevice" classname="com.galenframework.java.sample.tests.WelcomePageTest" time="5.224">
    <failure message="/specs/welcomePage.spec, tags: [tablet]&#10;  - &quot;header&quot; is absent on page (\specs/common.spec:15)&#10;  - &quot;header&quot; is absent on page (\specs/common.spec:16)&#10;  - &quot;header&quot; is absent on page (\specs/common.spec:17)&#10;  - &quot;header-logo&quot; is absent on page (\specs/common.spec:20)&#10;  - &quot;header-logo&quot; is absent on page (\specs/common.spec:21)&#10;  - &quot;header-text&quot; is absent on page (\specs/common.spec:24)&#10;  - &quot;header-text&quot; is absent on page (\specs/common.spec:36)&#10;  - &quot;menu&quot; is absent on page (\specs/common.spec:43)&#10;  - &quot;menu&quot; is absent on page (\specs/common.spec:44)&#10;  - Cannot find locator for &quot;menu-item-1&quot; in page spec (\specs/common.spec:54)&#10;  - &quot;content&quot; is absent on page (\specs/common.spec:83)&#10;  - &quot;content&quot; is absent on page (\specs/common.spec:84)&#10;  - Cannot find locator for &quot;text-block-1&quot; in page spec (/specs/welcomePage.spec:14)&#10;  - Cannot find locator for &quot;text-block-1&quot; in page spec (/specs/welcomePage.spec:21)&#10;  - Cannot find locator for &quot;text-block-1&quot; in page spec (/specs/welcomePage.spec:22)&#10;  - &quot;login-button&quot; is absent on page (/specs/welcomePage.spec:14)&#10;  - &quot;login-button&quot; is absent on page (/specs/welcomePage.spec:25)&#10;  - &quot;login-button&quot; is absent on page (/specs/welcomePage.spec:26)&#10;  - &quot;login-button&quot; is absent on page (/specs/welcomePage.spec:27)&#10;  - &quot;login-button&quot; is absent on page (/specs/welcomePage.spec:45)&#10;  - Cannot find locator for &quot;text-block-3&quot; in page spec (/specs/welcomePage.spec:14)&#10;  - &quot;greeting&quot; is absent on page (/specs/welcomePage.spec:17)&#10;  - &quot;greeting&quot; is absent on page (/specs/welcomePage.spec:18)&#10;  - &quot;greeting&quot; is absent on page (/specs/welcomePage.spec:41)&#10;  - &quot;greeting&quot; is absent on page (/specs/welcomePage.spec:42)&#10;  - &quot;footer&quot; is absent on page (\specs/common.spec:94)&#10;  - &quot;footer&quot; is absent on page (\specs/common.spec:95)&#10;" type="com.galenframework.support.LayoutValidationException">com.galenframework.support.LayoutValidationException: /specs/welcomePage.spec, tags: [tablet]
  - "header" is absent on page (\specs/common.spec:15)
  - "header" is absent on page (\specs/common.spec:16)
  - "header" is absent on page (\specs/common.spec:17)
  - "header-logo" is absent on page (\specs/common.spec:20)
  - "header-logo" is absent on page (\specs/common.spec:21)
  - "header-text" is absent on page (\specs/common.spec:24)
  - "header-text" is absent on page (\specs/common.spec:36)
  - "menu" is absent on page (\specs/common.spec:43)
  - "menu" is absent on page (\specs/common.spec:44)
  - Cannot find locator for "menu-item-1" in page spec (\specs/common.spec:54)
  - "content" is absent on page (\specs/common.spec:83)
  - "content" is absent on page (\specs/common.spec:84)
  - Cannot find locator for "text-block-1" in page spec (/specs/welcomePage.spec:14)
  - Cannot find locator for "text-block-1" in page spec (/specs/welcomePage.spec:21)
  - Cannot find locator for "text-block-1" in page spec (/specs/welcomePage.spec:22)
  - "login-button" is absent on page (/specs/welcomePage.spec:14)
  - "login-button" is absent on page (/specs/welcomePage.spec:25)
  - "login-button" is absent on page (/specs/welcomePage.spec:26)
  - "login-button" is absent on page (/specs/welcomePage.spec:27)
  - "login-button" is absent on page (/specs/welcomePage.spec:45)
  - Cannot find locator for "text-block-3" in page spec (/specs/welcomePage.spec:14)
  - "greeting" is absent on page (/specs/welcomePage.spec:17)
  - "greeting" is absent on page (/specs/welcomePage.spec:18)
  - "greeting" is absent on page (/specs/welcomePage.spec:41)
  - "greeting" is absent on page (/specs/welcomePage.spec:42)
  - "footer" is absent on page (\specs/common.spec:94)
  - "footer" is absent on page (\specs/common.spec:95)

	at com.galenframework.support.GalenJavaTestBase.checkLayout(GalenJavaTestBase.java:129)
	at com.galenframework.support.GalenJavaTestBase.checkLayout(GalenJavaTestBase.java:111)
	at com.galenframework.java.sample.tests.WelcomePageTest.welcomePage_shouldLookGood_onDevice(WelcomePageTest.java:16)
</failure>
    <system-out><![CDATA[Configuring TestNG with: TestNG652Configurator
]]></system-out>
    <system-err><![CDATA[Starting ChromeDriver 2.32.498550 (9dec58e66c31bcc53a9ce3c7226f0c1c5810906a) on port 22801
Only local connections are allowed.
]]></system-err>
  </testcase>
  <testcase name="welcomePage_shouldLookGood_onDevice" classname="com.galenframework.java.sample.tests.WelcomePageTest" time="4.981">
    <failure message="/specs/welcomePage.spec, tags: [desktop]&#10;  - &quot;header&quot; is absent on page (\specs/common.spec:15)&#10;  - &quot;header&quot; is absent on page (\specs/common.spec:16)&#10;  - &quot;header&quot; is absent on page (\specs/common.spec:17)&#10;  - &quot;header&quot; is absent on page (\specs/common.spec:28)&#10;  - &quot;header-logo&quot; is absent on page (\specs/common.spec:20)&#10;  - &quot;header-logo&quot; is absent on page (\specs/common.spec:21)&#10;  - &quot;header-text&quot; is absent on page (\specs/common.spec:24)&#10;  - &quot;header-text&quot; is absent on page (\specs/common.spec:31)&#10;  - &quot;menu&quot; is absent on page (\specs/common.spec:43)&#10;  - &quot;menu&quot; is absent on page (\specs/common.spec:44)&#10;  - &quot;menu&quot; is absent on page (\specs/common.spec:49)&#10;  - Cannot find locator for &quot;menu-item-1&quot; in page spec (\specs/common.spec:54)&#10;  - &quot;content&quot; is absent on page (\specs/common.spec:83)&#10;  - &quot;content&quot; is absent on page (\specs/common.spec:84)&#10;  - &quot;content&quot; is absent on page (\specs/common.spec:89)&#10;  - Cannot find locator for &quot;text-block-1&quot; in page spec (/specs/welcomePage.spec:14)&#10;  - Cannot find locator for &quot;text-block-1&quot; in page spec (/specs/welcomePage.spec:21)&#10;  - Cannot find locator for &quot;text-block-1&quot; in page spec (/specs/welcomePage.spec:22)&#10;  - &quot;login-button&quot; is absent on page (/specs/welcomePage.spec:14)&#10;  - &quot;login-button&quot; is absent on page (/specs/welcomePage.spec:25)&#10;  - &quot;login-button&quot; is absent on page (/specs/welcomePage.spec:26)&#10;  - &quot;login-button&quot; is absent on page (/specs/welcomePage.spec:27)&#10;  - &quot;login-button&quot; is absent on page (/specs/welcomePage.spec:36)&#10;  - Cannot find locator for &quot;text-block-3&quot; in page spec (/specs/welcomePage.spec:14)&#10;  - &quot;greeting&quot; is absent on page (/specs/welcomePage.spec:17)&#10;  - &quot;greeting&quot; is absent on page (/specs/welcomePage.spec:18)&#10;  - &quot;greeting&quot; is absent on page (/specs/welcomePage.spec:32)&#10;  - &quot;greeting&quot; is absent on page (/specs/welcomePage.spec:33)&#10;  - &quot;footer&quot; is absent on page (\specs/common.spec:94)&#10;  - &quot;footer&quot; is absent on page (\specs/common.spec:95)&#10;" type="com.galenframework.support.LayoutValidationException">com.galenframework.support.LayoutValidationException: /specs/welcomePage.spec, tags: [desktop]
  - "header" is absent on page (\specs/common.spec:15)
  - "header" is absent on page (\specs/common.spec:16)
  - "header" is absent on page (\specs/common.spec:17)
  - "header" is absent on page (\specs/common.spec:28)
  - "header-logo" is absent on page (\specs/common.spec:20)
  - "header-logo" is absent on page (\specs/common.spec:21)
  - "header-text" is absent on page (\specs/common.spec:24)
  - "header-text" is absent on page (\specs/common.spec:31)
  - "menu" is absent on page (\specs/common.spec:43)
  - "menu" is absent on page (\specs/common.spec:44)
  - "menu" is absent on page (\specs/common.spec:49)
  - Cannot find locator for "menu-item-1" in page spec (\specs/common.spec:54)
  - "content" is absent on page (\specs/common.spec:83)
  - "content" is absent on page (\specs/common.spec:84)
  - "content" is absent on page (\specs/common.spec:89)
  - Cannot find locator for "text-block-1" in page spec (/specs/welcomePage.spec:14)
  - Cannot find locator for "text-block-1" in page spec (/specs/welcomePage.spec:21)
  - Cannot find locator for "text-block-1" in page spec (/specs/welcomePage.spec:22)
  - "login-button" is absent on page (/specs/welcomePage.spec:14)
  - "login-button" is absent on page (/specs/welcomePage.spec:25)
  - "login-button" is absent on page (/specs/welcomePage.spec:26)
  - "login-button" is absent on page (/specs/welcomePage.spec:27)
  - "login-button" is absent on page (/specs/welcomePage.spec:36)
  - Cannot find locator for "text-block-3" in page spec (/specs/welcomePage.spec:14)
  - "greeting" is absent on page (/specs/welcomePage.spec:17)
  - "greeting" is absent on page (/specs/welcomePage.spec:18)
  - "greeting" is absent on page (/specs/welcomePage.spec:32)
  - "greeting" is absent on page (/specs/welcomePage.spec:33)
  - "footer" is absent on page (\specs/common.spec:94)
  - "footer" is absent on page (\specs/common.spec:95)

	at com.galenframework.support.GalenJavaTestBase.checkLayout(GalenJavaTestBase.java:129)
	at com.galenframework.support.GalenJavaTestBase.checkLayout(GalenJavaTestBase.java:111)
	at com.galenframework.java.sample.tests.WelcomePageTest.welcomePage_shouldLookGood_onDevice(WelcomePageTest.java:16)
</failure>
    <system-err><![CDATA[Starting ChromeDriver 2.32.498550 (9dec58e66c31bcc53a9ce3c7226f0c1c5810906a) on port 12778
Only local connections are allowed.
]]></system-err>
  </testcase>
</testsuite>